clDeviceQuery Starting...

1 OpenCL Platforms found

 CL_PLATFORM_NAME: 	QUALCOMM Snapdragon(TM)
 CL_PLATFORM_VERSION: 	OpenCL 2.0 QUALCOMM build: commit #4bec611 changeid #Icdeec648e3 Date: 08/01/17 Tue Local Branch:  Remote Branch: 
OpenCL Device Info:

 1 devices found supporting OpenCL on: QUALCOMM Snapdragon(TM)

 ----------------------------------
 Device QUALCOMM Adreno(TM)
 ---------------------------------
  CL_DEVICE_NAME: 			QUALCOMM Adreno(TM)
  CL_DEVICE_VENDOR: 			QUALCOMM
  CL_DRIVER_VERSION: 			OpenCL 2.0 QUALCOMM build: commit #4bec611 changeid #Icdeec648e3 Date: 08/01/17 Tue Local Branch:  Remote Branch:  Compiler E031.33.00.04
  CL_DEVICE_TYPE:			CL_DEVICE_TYPE_GPU
  CL_DEVICE_MAX_COMPUTE_UNITS:		4
  CL_DEVICE_MAX_WORK_ITEM_DIMENSIONS:	3
  CL_DEVICE_MAX_WORK_ITEM_SIZES:	1024 / 1024 / 1024 
  CL_DEVICE_MAX_WORK_GROUP_SIZE:	1024
  CL_DEVICE_MAX_CLOCK_FREQUENCY:	1 MHz
  CL_DEVICE_ADDRESS_BITS:		64
  CL_DEVICE_MAX_MEM_ALLOC_SIZE:		715 MByte
  CL_DEVICE_GLOBAL_MEM_SIZE:		2862 MByte
  CL_DEVICE_GLOBAL_MEM_CACHE_TYPE:      CL_READ_WRITE_CACHE
  CL_DEVICE_GLOBAL_MEM_CACHE_SIZE:      128 KByte
  CL_DEVICE_GLOBAL_MEM_CACHELINE_SIZE:  64 Byte
  CL_DEVICE_ERROR_CORRECTION_SUPPORT:	no
  CL_DEVICE_LOCAL_MEM_TYPE:		local
  CL_DEVICE_LOCAL_MEM_SIZE:		32 KByte
  CL_DEVICE_MAX_CONSTANT_BUFFER_SIZE:	64 KByte
  CL_DEVICE_QUEUE_PROPERTIES:		CL_QUEUE_OUT_OF_ORDER_EXEC_MODE_ENABLE
  CL_DEVICE_QUEUE_PROPERTIES:		CL_QUEUE_PROFILING_ENABLE
  CL_DEVICE_IMAGE_SUPPORT:		1
  CL_DEVICE_MAX_READ_IMAGE_ARGS:	128
  CL_DEVICE_MAX_WRITE_IMAGE_ARGS:	64

  CL_DEVICE_IMAGE <dim>			2D_MAX_WIDTH	 16384
					2D_MAX_HEIGHT	 16384
					3D_MAX_WIDTH	 16384
					3D_MAX_HEIGHT	 16384
					3D_MAX_DEPTH	 2048
  CL_DEVICE_PREFERRED_VECTOR_WIDTH_<t>	CHAR 1, SHORT 1, INT 1, FLOAT 1, DOUBLE 1
  CL_DEVICE_SVM_CAPABILITIES: 	CL_DEVICE_SVM_COARSE_GRAIN_BUFFER



clDeviceQuery, Platform Name = QUALCOMM Snapdragon(TM), Platform Version = OpenCL 2.0 QUALCOMM build: commit #4bec611 changeid #Icdeec648e3 Date: 08/01/17 Tue Local Branch:  Remote Branch: , NumDevs = 1, Device = QUALCOMM Adreno(TM)

System Info: 

 Local Time/Date =  22:49:41, 01/13/2018
 CPU Name: none
 # of CPU processors: 8
 Linux version 4.4.21-perf-g6a9ee37d-06248-gc4c2985 (builder@c3-miui-ota-bd76.bj) (gcc version 4.9 20150123 (prerelease) (GCC) ) #1 SMP PREEMPT Fri Dec 1 01:31:38 CST 2017


TEST PASSED

